d:\projetos\funceme-selecao-siga\priorityzone\priorityzone\debug\priorityzone.pch
d:\projetos\funceme-selecao-siga\priorityzone\priorityzone\debug\vc140.pdb
d:\projetos\funceme-selecao-siga\priorityzone\priorityzone\debug\vc140.idb
d:\projetos\funceme-selecao-siga\priorityzone\priorityzone\debug\stdafx.obj
d:\projetos\funceme-selecao-siga\priorityzone\priorityzone\debug\priority.obj
d:\projetos\funceme-selecao-siga\priorityzone\priorityzone\debug\priorityzone.obj
d:\projetos\funceme-selecao-siga\priorityzone\priorityzone\debug\priority_zones_volume_dialog.obj
d:\projetos\funceme-selecao-siga\priorityzone\priorityzone\debug\superior_limit_dialog.obj
d:\projetos\funceme-selecao-siga\priorityzone\priorityzone\debug\test.obj
d:\projetos\funceme-selecao-siga\priorityzone\priorityzone\debug\reservoir.obj
d:\projetos\funceme-selecao-siga\priorityzone\priorityzone\debug\reservoir_frame.obj
d:\projetos\funceme-selecao-siga\priorityzone\priorityzone\debug\priorityzone1.res
d:\projetos\funceme-selecao-siga\priorityzone\debug\priorityzone.pdb
d:\projetos\funceme-selecao-siga\priorityzone\priorityzone\debug\priorityzone.tlog\cl.command.1.tlog
d:\projetos\funceme-selecao-siga\priorityzone\priorityzone\debug\priorityzone.tlog\cl.read.1.tlog
d:\projetos\funceme-selecao-siga\priorityzone\priorityzone\debug\priorityzone.tlog\cl.write.1.tlog
d:\projetos\funceme-selecao-siga\priorityzone\priorityzone\debug\priorityzone.tlog\link-cvtres.read.1.tlog
d:\projetos\funceme-selecao-siga\priorityzone\priorityzone\debug\priorityzone.tlog\link-cvtres.write.1.tlog
d:\projetos\funceme-selecao-siga\priorityzone\priorityzone\debug\priorityzone.tlog\link-rc.read.1.tlog
d:\projetos\funceme-selecao-siga\priorityzone\priorityzone\debug\priorityzone.tlog\link-rc.write.1.tlog
d:\projetos\funceme-selecao-siga\priorityzone\priorityzone\debug\priorityzone.tlog\link.command.1.tlog
d:\projetos\funceme-selecao-siga\priorityzone\priorityzone\debug\priorityzone.tlog\link.read.1.tlog
d:\projetos\funceme-selecao-siga\priorityzone\priorityzone\debug\priorityzone.tlog\link.write.1.tlog
d:\projetos\funceme-selecao-siga\priorityzone\priorityzone\debug\priorityzone.tlog\rc.command.1.tlog
d:\projetos\funceme-selecao-siga\priorityzone\priorityzone\debug\priorityzone.tlog\rc.read.1.tlog
d:\projetos\funceme-selecao-siga\priorityzone\priorityzone\debug\priorityzone.tlog\rc.write.1.tlog
