MSVCRT.lib(initializers.obj) : warning LNK4098: defaultlib 'msvcrtd.lib' conflicts with use of other libs; use /NODEFAULTLIB:library
wxbase31ud.lib(mimecmn.obj) : error LNK2001: unresolved external symbol __imp___CrtDbgReportW
wxbase31ud.lib(fileback.obj) : error LNK2001: unresolved external symbol __imp___CrtDbgReportW
wxbase31ud.lib(mimetype.obj) : error LNK2001: unresolved external symbol __imp___CrtDbgReportW
wxbase31ud.lib(uri.obj) : error LNK2001: unresolved external symbol __imp___CrtDbgReportW
wxbase31ud.lib(filesys.obj) : error LNK2001: unresolved external symbol __imp___CrtDbgReportW
wxbase31ud.lib(datstrm.obj) : error LNK2001: unresolved external symbol __imp___CrtDbgReportW
wxbase31ud.lib(volume.obj) : error LNK2001: unresolved external symbol __imp___CrtDbgReportW
wxmsw31ud_core.lib(renderg.obj) : error LNK2001: unresolved external symbol __imp___CrtDbgReportW
wxmsw31ud_core.lib(volume.obj) : error LNK2001: unresolved external symbol __imp___CrtDbgReportW
wxmsw31ud_core.lib(filedlg.obj) : error LNK2001: unresolved external symbol __imp___CrtDbgReportW
wxmsw31ud_core.lib(collheaderctrlg.obj) : error LNK2001: unresolved external symbol __imp___CrtDbgReportW
wxmsw31ud_core.lib(enhmeta.obj) : error LNK2001: unresolved external symbol __imp___CrtDbgReportW
wxmsw31ud_core.lib(fldlgcmn.obj) : error LNK2001: unresolved external symbol __imp___CrtDbgReportW
wxmsw31ud_core.lib(collpaneg.obj) : error LNK2001: unresolved external symbol __imp___CrtDbgReportW
wxmsw31ud_core.lib(dragimag.obj) : error LNK2001: unresolved external symbol __imp___CrtDbgReportW
wxmsw31ud_core.lib(artmsw.obj) : error LNK2001: unresolved external symbol __imp___CrtDbgReportW
wxmsw31ud_core.lib(artstd.obj) : error LNK2001: unresolved external symbol __imp___CrtDbgReportW
wxmsw31ud_core.lib(arttango.obj) : error LNK2001: unresolved external symbol __imp___CrtDbgReportW
wxmsw31ud_core.lib(clipbrd.obj) : error LNK2001: unresolved external symbol __imp___CrtDbgReportW
wxmsw31ud_core.lib(treectrl.obj) : error LNK2001: unresolved external symbol __imp___CrtDbgReportW
wxmsw31ud_core.lib(imagpng.obj) : error LNK2001: unresolved external symbol __imp___CrtDbgReportW
wxmsw31ud_core.lib(anidecod.obj) : error LNK2001: unresolved external symbol __imp___CrtDbgReportW
wxmsw31ud_core.lib(renderer.obj) : error LNK2001: unresolved external symbol __imp___CrtDbgReportW
wxmsw31ud_core.lib(dcprint.obj) : error LNK2001: unresolved external symbol __imp___CrtDbgReportW
wxmsw31ud_core.lib(logg.obj) : error LNK2001: unresolved external symbol __imp___CrtDbgReportW
wxmsw31ud_core.lib(safearray.obj) : error LNK2001: unresolved external symbol __imp___CrtDbgReportW
wxmsw31ud_core.lib(msw_listctrl.obj) : error LNK2001: unresolved external symbol __imp___CrtDbgReportW
wxmsw31ud_core.lib(msw_checklst.obj) : error LNK2001: unresolved external symbol __imp___CrtDbgReportW
wxmsw31ud_core.lib(paper.obj) : error LNK2001: unresolved external symbol __imp___CrtDbgReportW
wxmsw31ud_core.lib(printwin.obj) : error LNK2001: unresolved external symbol __imp___CrtDbgReportW
wxmsw31ud_core.lib(printdlg.obj) : error LNK2001: unresolved external symbol __imp___CrtDbgReportW
wxmsw31ud_core.lib(markuptext.obj) : error LNK2001: unresolved external symbol __imp___CrtDbgReportW
wxmsw31ud_core.lib(artprov.obj) : error LNK2001: unresolved external symbol __imp___CrtDbgReportW
wxmsw31ud_core.lib(graphics.obj) : error LNK2001: unresolved external symbol __imp___CrtDbgReportW
wxmsw31ud_core.lib(fontenum.obj) : error LNK2001: unresolved external symbol __imp___CrtDbgReportW
wxmsw31ud_core.lib(popupwin.obj) : error LNK2001: unresolved external symbol __imp___CrtDbgReportW
wxmsw31ud_core.lib(combo.obj) : error LNK2001: unresolved external symbol __imp___CrtDbgReportW
wxmsw31ud_core.lib(valtext.obj) : error LNK2001: unresolved external symbol __imp___CrtDbgReportW
wxmsw31ud_core.lib(msw_notebook.obj) : error LNK2001: unresolved external symbol __imp___CrtDbgReportW
wxmsw31ud_core.lib(imagbmp.obj) : error LNK2001: unresolved external symbol __imp___CrtDbgReportW
wxmsw31ud_core.lib(xpmdecod.obj) : error LNK2001: unresolved external symbol __imp___CrtDbgReportW
wxmsw31ud_core.lib(rendcmn.obj) : error LNK2001: unresolved external symbol __imp___CrtDbgReportW
wxmsw31ud_core.lib(popupcmn.obj) : error LNK2001: unresolved external symbol __imp___CrtDbgReportW
wxmsw31ud_core.lib(statlinecmn.obj) : error LNK2001: unresolved external symbol __imp___CrtDbgReportW
wxmsw31ud_core.lib(bookctrl.obj) : error LNK2001: unresolved external symbol __imp___CrtDbgReportW
wxmsw31ud_core.lib(markupparser.obj) : error LNK2001: unresolved external symbol __imp___CrtDbgReportW
wxmsw31ud_core.lib(imaglist.obj) : error LNK2001: unresolved external symbol __imp___CrtDbgReportW
wxmsw31ud_core.lib(treebase.obj) : error LNK2001: unresolved external symbol __imp___CrtDbgReportW
wxmsw31ud_core.lib(panelcmn.obj) : error LNK2001: unresolved external symbol __imp___CrtDbgReportW
wxmsw31ud_core.lib(scrlwing.obj) : error LNK2001: unresolved external symbol __imp___CrtDbgReportW
wxmsw31ud_core.lib(msw_statline.obj) : error LNK2001: unresolved external symbol __imp___CrtDbgReportW
wxmsw31ud_core.lib(oleutils.obj) : error LNK2001: unresolved external symbol __imp___CrtDbgReportW
wxmsw31ud_core.lib(dobjcmn.obj) : error LNK2001: unresolved external symbol __imp___CrtDbgReportW
wxmsw31ud_core.lib(spinctrlcmn.obj) : error LNK2001: unresolved external symbol __imp___CrtDbgReportW
wxmsw31ud_core.lib(listctrlcmn.obj) : error LNK2001: unresolved external symbol __imp___CrtDbgReportW
wxmsw31ud_core.lib(helpchm.obj) : error LNK2001: unresolved external symbol __imp___CrtDbgReportW
wxmsw31ud_core.lib(appcmn.obj) : error LNK2001: unresolved external symbol __imp___CrtDbgReportW
wxmsw31ud_core.lib(radiocmn.obj) : error LNK2001: unresolved external symbol __imp___CrtDbgReportW
wxmsw31ud_core.lib(dataobj.obj) : error LNK2001: unresolved external symbol __imp___CrtDbgReportW
wxmsw31ud_core.lib(cmndata.obj) : error LNK2001: unresolved external symbol __imp___CrtDbgReportW
wxmsw31ud_core.lib(prntbase.obj) : error LNK2001: unresolved external symbol __imp___CrtDbgReportW
wxmsw31ud_core.lib(dcmemory.obj) : error LNK2001: unresolved external symbol __imp___CrtDbgReportW
wxmsw31ud_core.lib(tipwin.obj) : error LNK2001: unresolved external symbol __imp___CrtDbgReportW
wxmsw31ud_core.lib(fontenumcmn.obj) : error LNK2001: unresolved external symbol __imp___CrtDbgReportW
wxmsw31ud_core.lib(choicdgg.obj) : error LNK2001: unresolved external symbol __imp___CrtDbgReportW
wxmsw31ud_core.lib(fontdata.obj) : error LNK2001: unresolved external symbol __imp___CrtDbgReportW
wxmsw31ud_core.lib(fontdlg.obj) : error LNK2001: unresolved external symbol __imp___CrtDbgReportW
wxmsw31ud_core.lib(gdiplus.obj) : error LNK2001: unresolved external symbol __imp___CrtDbgReportW
wxmsw31ud_core.lib(graphcmn.obj) : error LNK2001: unresolved external symbol __imp___CrtDbgReportW
wxmsw31ud_core.lib(bmpbase.obj) : error LNK2001: unresolved external symbol __imp___CrtDbgReportW
wxmsw31ud_core.lib(dib.obj) : error LNK2001: unresolved external symbol __imp___CrtDbgReportW
wxmsw31ud_core.lib(slidercmn.obj) : error LNK2001: unresolved external symbol __imp___CrtDbgReportW
wxmsw31ud_core.lib(msw_combobox.obj) : error LNK2001: unresolved external symbol __imp___CrtDbgReportW
wxmsw31ud_core.lib(msw_spinbutt.obj) : error LNK2001: unresolved external symbol __imp___CrtDbgReportW
wxmsw31ud_core.lib(spinbtncmn.obj) : error LNK2001: unresolved external symbol __imp___CrtDbgReportW
wxmsw31ud_core.lib(textentrycmn.obj) : error LNK2001: unresolved external symbol __imp___CrtDbgReportW
wxmsw31ud_core.lib(textentry.obj) : error LNK2001: unresolved external symbol __imp___CrtDbgReportW
wxmsw31ud_core.lib(msw_textctrl.obj) : error LNK2001: unresolved external symbol __imp___CrtDbgReportW
wxmsw31ud_core.lib(msw_slider.obj) : error LNK2001: unresolved external symbol __imp___CrtDbgReportW
wxmsw31ud_core.lib(statbmpcmn.obj) : error LNK2001: unresolved external symbol __imp___CrtDbgReportW
wxmsw31ud_core.lib(msw_statbox.obj) : error LNK2001: unresolved external symbol __imp___CrtDbgReportW
wxmsw31ud_core.lib(msw_radiobut.obj) : error LNK2001: unresolved external symbol __imp___CrtDbgReportW
wxmsw31ud_core.lib(radiobtncmn.obj) : error LNK2001: unresolved external symbol __imp___CrtDbgReportW
wxmsw31ud_core.lib(scrolbarcmn.obj) : error LNK2001: unresolved external symbol __imp___CrtDbgReportW
wxmsw31ud_core.lib(stattextcmn.obj) : error LNK2001: unresolved external symbol __imp___CrtDbgReportW
wxmsw31ud_core.lib(msw_stattext.obj) : error LNK2001: unresolved external symbol __imp___CrtDbgReportW
wxmsw31ud_core.lib(msw_statbmp.obj) : error LNK2001: unresolved external symbol __imp___CrtDbgReportW
wxmsw31ud_core.lib(msw_listbox.obj) : error LNK2001: unresolved external symbol __imp___CrtDbgReportW
wxmsw31ud_core.lib(choiccmn.obj) : error LNK2001: unresolved external symbol __imp___CrtDbgReportW
wxmsw31ud_core.lib(msw_choice.obj) : error LNK2001: unresolved external symbol __imp___CrtDbgReportW
wxmsw31ud_core.lib(msw_scrolbar.obj) : error LNK2001: unresolved external symbol __imp___CrtDbgReportW
wxmsw31ud_core.lib(bmpbtncmn.obj) : error LNK2001: unresolved external symbol __imp___CrtDbgReportW
wxmsw31ud_core.lib(msw_checkbox.obj) : error LNK2001: unresolved external symbol __imp___CrtDbgReportW
wxmsw31ud_core.lib(checkboxcmn.obj) : error LNK2001: unresolved external symbol __imp___CrtDbgReportW
wxmsw31ud_core.lib(lboxcmn.obj) : error LNK2001: unresolved external symbol __imp___CrtDbgReportW
wxmsw31ud_core.lib(anybutton.obj) : error LNK2001: unresolved external symbol __imp___CrtDbgReportW
wxmsw31ud_core.lib(msw_button.obj) : error LNK2001: unresolved external symbol __imp___CrtDbgReportW
wxmsw31ud_core.lib(ctrlsub.obj) : error LNK2001: unresolved external symbol __imp___CrtDbgReportW
wxmsw31ud_core.lib(msw_bmpbuttn.obj) : error LNK2001: unresolved external symbol __imp___CrtDbgReportW
wxmsw31ud_core.lib(msgdlg.obj) : error LNK2001: unresolved external symbol __imp___CrtDbgReportW
wxmsw31ud_core.lib(textdlgg.obj) : error LNK2001: unresolved external symbol __imp___CrtDbgReportW
wxmsw31ud_core.lib(utilswin.obj) : error LNK2001: unresolved external symbol __imp___CrtDbgReportW
wxmsw31ud_core.lib(nbkbase.obj) : error LNK2001: unresolved external symbol __imp___CrtDbgReportW
wxmsw31ud_core.lib(textcmn.obj) : error LNK2001: unresolved external symbol __imp___CrtDbgReportW
wxmsw31ud_core.lib(combocmn.obj) : error LNK2001: unresolved external symbol __imp___CrtDbgReportW
wxmsw31ud_core.lib(containr.obj) : error LNK2001: unresolved external symbol __imp___CrtDbgReportW
wxmsw31ud_core.lib(msw_dialog.obj) : error LNK2001: unresolved external symbol __imp___CrtDbgReportW
wxmsw31ud_core.lib(ownerdrwcmn.obj) : error LNK2001: unresolved external symbol __imp___CrtDbgReportW
wxmsw31ud_core.lib(ownerdrw.obj) : error LNK2001: unresolved external symbol __imp___CrtDbgReportW
wxmsw31ud_core.lib(accelcmn.obj) : error LNK2001: unresolved external symbol __imp___CrtDbgReportW
wxmsw31ud_core.lib(stockitem.obj) : error LNK2001: unresolved external symbol __imp___CrtDbgReportW
wxmsw31ud_core.lib(msw_toolbar.obj) : error LNK2001: unresolved external symbol __imp___CrtDbgReportW
wxmsw31ud_core.lib(generic_statusbr.obj) : error LNK2001: unresolved external symbol __imp___CrtDbgReportW
wxmsw31ud_core.lib(taskbarbutton.obj) : error LNK2001: unresolved external symbol __imp___CrtDbgReportW
wxmsw31ud_core.lib(image.obj) : error LNK2001: unresolved external symbol __imp___CrtDbgReportW
wxmsw31ud_core.lib(dpycmn.obj) : error LNK2001: unresolved external symbol __imp___CrtDbgReportW
wxmsw31ud_core.lib(ctrlcmn.obj) : error LNK2001: unresolved external symbol __imp___CrtDbgReportW
wxmsw31ud_core.lib(statusbar.obj) : error LNK2001: unresolved external symbol __imp___CrtDbgReportW
wxmsw31ud_core.lib(tbarbase.obj) : error LNK2001: unresolved external symbol __imp___CrtDbgReportW
wxmsw31ud_core.lib(msw_control.obj) : error LNK2001: unresolved external symbol __imp___CrtDbgReportW
wxmsw31ud_core.lib(btncmn.obj) : error LNK2001: unresolved external symbol __imp___CrtDbgReportW
wxmsw31ud_core.lib(dlgcmn.obj) : error LNK2001: unresolved external symbol __imp___CrtDbgReportW
wxmsw31ud_core.lib(statboxcmn.obj) : error LNK2001: unresolved external symbol __imp___CrtDbgReportW
wxmsw31ud_core.lib(textmeasurecmn.obj) : error LNK2001: unresolved external symbol __imp___CrtDbgReportW
wxmsw31ud_core.lib(msw_textmeasure.obj) : error LNK2001: unresolved external symbol __imp___CrtDbgReportW
wxmsw31ud_core.lib(spinctrl.obj) : error LNK2001: unresolved external symbol __imp___CrtDbgReportW
wxmsw31ud_core.lib(uxtheme.obj) : error LNK2001: unresolved external symbol __imp___CrtDbgReportW
wxmsw31ud_core.lib(cshelp.obj) : error LNK2001: unresolved external symbol __imp___CrtDbgReportW
wxmsw31ud_core.lib(app.obj) : error LNK2001: unresolved external symbol __imp___CrtDbgReportW
wxmsw31ud_core.lib(msw_radiobox.obj) : error LNK2001: unresolved external symbol __imp___CrtDbgReportW
wxmsw31ud_core.lib(droptgt.obj) : error LNK2001: unresolved external symbol __imp___CrtDbgReportW
wxmsw31ud_core.lib(dc.obj) : error LNK2001: unresolved external symbol __imp___CrtDbgReportW
wxmsw31ud_core.lib(dcbase.obj) : error LNK2001: unresolved external symbol __imp___CrtDbgReportW
wxmsw31ud_core.lib(sizer.obj) : error LNK2001: unresolved external symbol __imp___CrtDbgReportW
wxmsw31ud_core.lib(statbar.obj) : error LNK2001: unresolved external symbol __imp___CrtDbgReportW
wxmsw31ud_core.lib(fontmap.obj) : error LNK2001: unresolved external symbol __imp___CrtDbgReportW
wxmsw31ud_core.lib(windowid.obj) : error LNK2001: unresolved external symbol __imp___CrtDbgReportW
wxmsw31ud_core.lib(region.obj) : error LNK2001: unresolved external symbol __imp___CrtDbgReportW
wxmsw31ud_core.lib(tooltip.obj) : error LNK2001: unresolved external symbol __imp___CrtDbgReportW
wxmsw31ud_core.lib(iconbndl.obj) : error LNK2001: unresolved external symbol __imp___CrtDbgReportW
wxmsw31ud_core.lib(bitmap.obj) : error LNK2001: unresolved external symbol __imp___CrtDbgReportW
wxmsw31ud_core.lib(brush.obj) : error LNK2001: unresolved external symbol __imp___CrtDbgReportW
wxmsw31ud_core.lib(fontutil.obj) : error LNK2001: unresolved external symbol __imp___CrtDbgReportW
wxmsw31ud_core.lib(cursor.obj) : error LNK2001: unresolved external symbol __imp___CrtDbgReportW
wxmsw31ud_core.lib(fontcmn.obj) : error LNK2001: unresolved external symbol __imp___CrtDbgReportW
wxmsw31ud_core.lib(settings.obj) : error LNK2001: unresolved external symbol __imp___CrtDbgReportW
wxmsw31ud_core.lib(icon.obj) : error LNK2001: unresolved external symbol __imp___CrtDbgReportW
wxmsw31ud_core.lib(dummy.obj) : error LNK2001: unresolved external symbol __imp___CrtDbgReportW
wxmsw31ud_core.lib(utilsgui.obj) : error LNK2001: unresolved external symbol __imp___CrtDbgReportW
wxmsw31ud_core.lib(display.obj) : error LNK2001: unresolved external symbol __imp___CrtDbgReportW
wxmsw31ud_core.lib(gdiimage.obj) : error LNK2001: unresolved external symbol __imp___CrtDbgReportW
wxmsw31ud_core.lib(toplevel.obj) : error LNK2001: unresolved external symbol __imp___CrtDbgReportW
wxmsw31ud_core.lib(utilscmn.obj) : error LNK2001: unresolved external symbol __imp___CrtDbgReportW
wxmsw31ud_core.lib(nativdlg.obj) : error LNK2001: unresolved external symbol __imp___CrtDbgReportW
wxmsw31ud_core.lib(nonownedwnd.obj) : error LNK2001: unresolved external symbol __imp___CrtDbgReportW
wxmsw31ud_core.lib(menuitem.obj) : error LNK2001: unresolved external symbol __imp___CrtDbgReportW
wxmsw31ud_core.lib(menucmn.obj) : error LNK2001: unresolved external symbol __imp___CrtDbgReportW
wxmsw31ud_core.lib(msw_menu.obj) : error LNK2001: unresolved external symbol __imp___CrtDbgReportW
wxmsw31ud_core.lib(event.obj) : error LNK2001: unresolved external symbol __imp___CrtDbgReportW
wxmsw31ud_core.lib(window.obj) : error LNK2001: unresolved external symbol __imp___CrtDbgReportW
wxmsw31ud_core.lib(toplvcmn.obj) : error LNK2001: unresolved external symbol __imp___CrtDbgReportW
wxmsw31ud_core.lib(framecmn.obj) : error LNK2001: unresolved external symbol __imp___CrtDbgReportW
wxmsw31ud_core.lib(frame.obj) : error LNK2001: unresolved external symbol __imp___CrtDbgReportW
wxmsw31ud_core.lib(gdicmn.obj) : error LNK2001: unresolved external symbol __imp___CrtDbgReportW
wxmsw31ud_core.lib(font.obj) : error LNK2001: unresolved external symbol __imp___CrtDbgReportW
wxmsw31ud_core.lib(colourcmn.obj) : error LNK2001: unresolved external symbol __imp___CrtDbgReportW
wxmsw31ud_core.lib(wincmn.obj) : error LNK2001: unresolved external symbol __imp___CrtDbgReportW
wxbase31ud.lib(txtstrm.obj) : error LNK2001: unresolved external symbol __imp___CrtDbgReportW
wxbase31ud.lib(registry.obj) : error LNK2001: unresolved external symbol __imp___CrtDbgReportW
wxbase31ud.lib(ipcbase.obj) : error LNK2001: unresolved external symbol __imp___CrtDbgReportW
wxbase31ud.lib(wfstream.obj) : error LNK2001: unresolved external symbol __imp___CrtDbgReportW
wxbase31ud.lib(textbuf.obj) : error LNK2001: unresolved external symbol __imp___CrtDbgReportW
wxbase31ud.lib(textfile.obj) : error LNK2001: unresolved external symbol __imp___CrtDbgReportW
wxbase31ud.lib(stream.obj) : error LNK2001: unresolved external symbol __imp___CrtDbgReportW
wxbase31ud.lib(dde.obj) : error LNK2001: unresolved external symbol __imp___CrtDbgReportW
wxbase31ud.lib(evtloopconsole.obj) : error LNK2001: unresolved external symbol __imp___CrtDbgReportW
wxbase31ud.lib(timer.obj) : error LNK2001: unresolved external symbol __imp___CrtDbgReportW
wxbase31ud.lib(ffile.obj) : error LNK2001: unresolved external symbol __imp___CrtDbgReportW
wxbase31ud.lib(debughlp.obj) : error LNK2001: unresolved external symbol __imp___CrtDbgReportW
wxbase31ud.lib(time.obj) : error LNK2001: unresolved external symbol __imp___CrtDbgReportW
wxbase31ud.lib(variant.obj) : error LNK2001: unresolved external symbol __imp___CrtDbgReportW
wxbase31ud.lib(regconf.obj) : error LNK2001: unresolved external symbol __imp___CrtDbgReportW
wxbase31ud.lib(stdpaths.obj) : error LNK2001: unresolved external symbol __imp___CrtDbgReportW
wxbase31ud.lib(file.obj) : error LNK2001: unresolved external symbol __imp___CrtDbgReportW
wxbase31ud.lib(crashrpt.obj) : error LNK2001: unresolved external symbol __imp___CrtDbgReportW
wxbase31ud.lib(init.obj) : error LNK2001: unresolved external symbol __imp___CrtDbgReportW
wxbase31ud.lib(longlong.obj) : error LNK2001: unresolved external symbol __imp___CrtDbgReportW
wxbase31ud.lib(utilscmn.obj) : error LNK2001: unresolved external symbol __imp___CrtDbgReportW
wxbase31ud.lib(filefn.obj) : error LNK2001: unresolved external symbol __imp___CrtDbgReportW
wxbase31ud.lib(platinfo.obj) : error LNK2001: unresolved external symbol __imp___CrtDbgReportW
wxbase31ud.lib(dir.obj) : error LNK2001: unresolved external symbol __imp___CrtDbgReportW
wxbase31ud.lib(dynlib.obj) : error LNK2001: unresolved external symbol __imp___CrtDbgReportW
wxbase31ud.lib(dlmsw.obj) : error LNK2001: unresolved external symbol __imp___CrtDbgReportW
wxbase31ud.lib(fileconf.obj) : error LNK2001: unresolved external symbol __imp___CrtDbgReportW
wxbase31ud.lib(utilsexc.obj) : error LNK2001: unresolved external symbol __imp___CrtDbgReportW
wxbase31ud.lib(sysopt.obj) : error LNK2001: unresolved external symbol __imp___CrtDbgReportW
wxbase31ud.lib(tokenzr.obj) : error LNK2001: unresolved external symbol __imp___CrtDbgReportW
wxbase31ud.lib(stackwalk.obj) : error LNK2001: unresolved external symbol __imp___CrtDbgReportW
wxbase31ud.lib(languageinfo.obj) : error LNK2001: unresolved external symbol __imp___CrtDbgReportW
wxbase31ud.lib(stdpbase.obj) : error LNK2001: unresolved external symbol __imp___CrtDbgReportW
wxbase31ud.lib(basemsw.obj) : error LNK2001: unresolved external symbol __imp___CrtDbgReportW
wxbase31ud.lib(cmdline.obj) : error LNK2001: unresolved external symbol __imp___CrtDbgReportW
wxbase31ud.lib(filename.obj) : error LNK2001: unresolved external symbol __imp___CrtDbgReportW
wxbase31ud.lib(datetime.obj) : error LNK2001: unresolved external symbol __imp___CrtDbgReportW
wxbase31ud.lib(datetimefmt.obj) : error LNK2001: unresolved external symbol __imp___CrtDbgReportW
wxbase31ud.lib(any.obj) : error LNK2001: unresolved external symbol __imp___CrtDbgReportW
wxbase31ud.lib(config.obj) : error LNK2001: unresolved external symbol __imp___CrtDbgReportW
wxbase31ud.lib(translation.obj) : error LNK2001: unresolved external symbol __imp___CrtDbgReportW
wxbase31ud.lib(module.obj) : error LNK2001: unresolved external symbol __imp___CrtDbgReportW
wxbase31ud.lib(main.obj) : error LNK2001: unresolved external symbol __imp___CrtDbgReportW
wxbase31ud.lib(threadinfo.obj) : error LNK2001: unresolved external symbol __imp___CrtDbgReportW
wxbase31ud.lib(xlocale.obj) : error LNK2001: unresolved external symbol __imp___CrtDbgReportW
wxbase31ud.lib(hash.obj) : error LNK2001: unresolved external symbol __imp___CrtDbgReportW
wxbase31ud.lib(arrstr.obj) : error LNK2001: unresolved external symbol __imp___CrtDbgReportW
wxbase31ud.lib(msgout.obj) : error LNK2001: unresolved external symbol __imp___CrtDbgReportW
wxbase31ud.lib(intl.obj) : error LNK2001: unresolved external symbol __imp___CrtDbgReportW
wxbase31ud.lib(encconv.obj) : error LNK2001: unresolved external symbol __imp___CrtDbgReportW
wxbase31ud.lib(fmapbase.obj) : error LNK2001: unresolved external symbol __imp___CrtDbgReportW
wxbase31ud.lib(utils.obj) : error LNK2001: unresolved external symbol __imp___CrtDbgReportW
wxbase31ud.lib(event.obj) : error LNK2001: unresolved external symbol __imp___CrtDbgReportW
wxbase31ud.lib(dummy.obj) : error LNK2001: unresolved external symbol __imp___CrtDbgReportW
wxbase31ud.lib(appbase.obj) : error LNK2001: unresolved external symbol __imp___CrtDbgReportW
wxbase31ud.lib(wxcrt.obj) : error LNK2001: unresolved external symbol __imp___CrtDbgReportW
wxbase31ud.lib(object.obj) : error LNK2001: unresolved external symbol __imp___CrtDbgReportW
wxbase31ud.lib(list.obj) : error LNK2001: unresolved external symbol __imp___CrtDbgReportW
wxbase31ud.lib(thread.obj) : error LNK2001: unresolved external symbol __imp___CrtDbgReportW
wxbase31ud.lib(log.obj) : error LNK2001: unresolved external symbol __imp___CrtDbgReportW
Priority.obj : error LNK2001: unresolved external symbol __imp___CrtDbgReportW
wxbase31ud.lib(strconv.obj) : error LNK2001: unresolved external symbol __imp___CrtDbgReportW
wxbase31ud.lib(strvararg.obj) : error LNK2001: unresolved external symbol __imp___CrtDbgReportW
wxbase31ud.lib(string.obj) : error LNK2001: unresolved external symbol __imp___CrtDbgReportW
wxbase31ud.lib(mimecmn.obj) : error LNK2001: unresolved external symbol __imp___invalid_parameter
wxbase31ud.lib(fileback.obj) : error LNK2001: unresolved external symbol __imp___invalid_parameter
wxbase31ud.lib(mimetype.obj) : error LNK2001: unresolved external symbol __imp___invalid_parameter
wxbase31ud.lib(uri.obj) : error LNK2001: unresolved external symbol __imp___invalid_parameter
wxbase31ud.lib(filesys.obj) : error LNK2001: unresolved external symbol __imp___invalid_parameter
wxbase31ud.lib(datstrm.obj) : error LNK2001: unresolved external symbol __imp___invalid_parameter
wxbase31ud.lib(volume.obj) : error LNK2001: unresolved external symbol __imp___invalid_parameter
wxmsw31ud_core.lib(renderg.obj) : error LNK2001: unresolved external symbol __imp___invalid_parameter
wxmsw31ud_core.lib(volume.obj) : error LNK2001: unresolved external symbol __imp___invalid_parameter
wxmsw31ud_core.lib(filedlg.obj) : error LNK2001: unresolved external symbol __imp___invalid_parameter
wxmsw31ud_core.lib(collheaderctrlg.obj) : error LNK2001: unresolved external symbol __imp___invalid_parameter
wxmsw31ud_core.lib(enhmeta.obj) : error LNK2001: unresolved external symbol __imp___invalid_parameter
wxmsw31ud_core.lib(fldlgcmn.obj) : error LNK2001: unresolved external symbol __imp___invalid_parameter
wxmsw31ud_core.lib(collpaneg.obj) : error LNK2001: unresolved external symbol __imp___invalid_parameter
wxmsw31ud_core.lib(dragimag.obj) : error LNK2001: unresolved external symbol __imp___invalid_parameter
wxmsw31ud_core.lib(artmsw.obj) : error LNK2001: unresolved external symbol __imp___invalid_parameter
wxmsw31ud_core.lib(artstd.obj) : error LNK2001: unresolved external symbol __imp___invalid_parameter
wxmsw31ud_core.lib(arttango.obj) : error LNK2001: unresolved external symbol __imp___invalid_parameter
wxmsw31ud_core.lib(clipbrd.obj) : error LNK2001: unresolved external symbol __imp___invalid_parameter
wxmsw31ud_core.lib(treectrl.obj) : error LNK2001: unresolved external symbol __imp___invalid_parameter
wxmsw31ud_core.lib(imagpng.obj) : error LNK2001: unresolved external symbol __imp___invalid_parameter
wxmsw31ud_core.lib(anidecod.obj) : error LNK2001: unresolved external symbol __imp___invalid_parameter
wxmsw31ud_core.lib(renderer.obj) : error LNK2001: unresolved external symbol __imp___invalid_parameter
wxmsw31ud_core.lib(dcprint.obj) : error LNK2001: unresolved external symbol __imp___invalid_parameter
wxmsw31ud_core.lib(logg.obj) : error LNK2001: unresolved external symbol __imp___invalid_parameter
wxmsw31ud_core.lib(safearray.obj) : error LNK2001: unresolved external symbol __imp___invalid_parameter
wxmsw31ud_core.lib(msw_listctrl.obj) : error LNK2001: unresolved external symbol __imp___invalid_parameter
wxmsw31ud_core.lib(msw_checklst.obj) : error LNK2001: unresolved external symbol __imp___invalid_parameter
wxmsw31ud_core.lib(paper.obj) : error LNK2001: unresolved external symbol __imp___invalid_parameter
wxmsw31ud_core.lib(printwin.obj) : error LNK2001: unresolved external symbol __imp___invalid_parameter
wxmsw31ud_core.lib(printdlg.obj) : error LNK2001: unresolved external symbol __imp___invalid_parameter
wxmsw31ud_core.lib(markuptext.obj) : error LNK2001: unresolved external symbol __imp___invalid_parameter
wxmsw31ud_core.lib(artprov.obj) : error LNK2001: unresolved external symbol __imp___invalid_parameter
wxmsw31ud_core.lib(graphics.obj) : error LNK2001: unresolved external symbol __imp___invalid_parameter
wxmsw31ud_core.lib(fontenum.obj) : error LNK2001: unresolved external symbol __imp___invalid_parameter
wxmsw31ud_core.lib(popupwin.obj) : error LNK2001: unresolved external symbol __imp___invalid_parameter
wxmsw31ud_core.lib(combo.obj) : error LNK2001: unresolved external symbol __imp___invalid_parameter
wxmsw31ud_core.lib(valtext.obj) : error LNK2001: unresolved external symbol __imp___invalid_parameter
wxmsw31ud_core.lib(msw_notebook.obj) : error LNK2001: unresolved external symbol __imp___invalid_parameter
wxmsw31ud_core.lib(imagbmp.obj) : error LNK2001: unresolved external symbol __imp___invalid_parameter
wxmsw31ud_core.lib(xpmdecod.obj) : error LNK2001: unresolved external symbol __imp___invalid_parameter
wxmsw31ud_core.lib(rendcmn.obj) : error LNK2001: unresolved external symbol __imp___invalid_parameter
wxmsw31ud_core.lib(popupcmn.obj) : error LNK2001: unresolved external symbol __imp___invalid_parameter
wxmsw31ud_core.lib(statlinecmn.obj) : error LNK2001: unresolved external symbol __imp___invalid_parameter
wxmsw31ud_core.lib(bookctrl.obj) : error LNK2001: unresolved external symbol __imp___invalid_parameter
wxmsw31ud_core.lib(markupparser.obj) : error LNK2001: unresolved external symbol __imp___invalid_parameter
wxmsw31ud_core.lib(imaglist.obj) : error LNK2001: unresolved external symbol __imp___invalid_parameter
wxmsw31ud_core.lib(treebase.obj) : error LNK2001: unresolved external symbol __imp___invalid_parameter
wxmsw31ud_core.lib(panelcmn.obj) : error LNK2001: unresolved external symbol __imp___invalid_parameter
wxmsw31ud_core.lib(scrlwing.obj) : error LNK2001: unresolved external symbol __imp___invalid_parameter
wxmsw31ud_core.lib(msw_statline.obj) : error LNK2001: unresolved external symbol __imp___invalid_parameter
wxmsw31ud_core.lib(oleutils.obj) : error LNK2001: unresolved external symbol __imp___invalid_parameter
wxmsw31ud_core.lib(dobjcmn.obj) : error LNK2001: unresolved external symbol __imp___invalid_parameter
wxmsw31ud_core.lib(spinctrlcmn.obj) : error LNK2001: unresolved external symbol __imp___invalid_parameter
wxmsw31ud_core.lib(listctrlcmn.obj) : error LNK2001: unresolved external symbol __imp___invalid_parameter
wxmsw31ud_core.lib(helpchm.obj) : error LNK2001: unresolved external symbol __imp___invalid_parameter
wxmsw31ud_core.lib(appcmn.obj) : error LNK2001: unresolved external symbol __imp___invalid_parameter
wxmsw31ud_core.lib(radiocmn.obj) : error LNK2001: unresolved external symbol __imp___invalid_parameter
wxmsw31ud_core.lib(dataobj.obj) : error LNK2001: unresolved external symbol __imp___invalid_parameter
wxmsw31ud_core.lib(cmndata.obj) : error LNK2001: unresolved external symbol __imp___invalid_parameter
wxmsw31ud_core.lib(prntbase.obj) : error LNK2001: unresolved external symbol __imp___invalid_parameter
wxmsw31ud_core.lib(dcmemory.obj) : error LNK2001: unresolved external symbol __imp___invalid_parameter
wxmsw31ud_core.lib(tipwin.obj) : error LNK2001: unresolved external symbol __imp___invalid_parameter
wxmsw31ud_core.lib(fontenumcmn.obj) : error LNK2001: unresolved external symbol __imp___invalid_parameter
wxmsw31ud_core.lib(choicdgg.obj) : error LNK2001: unresolved external symbol __imp___invalid_parameter
wxmsw31ud_core.lib(fontdata.obj) : error LNK2001: unresolved external symbol __imp___invalid_parameter
wxmsw31ud_core.lib(fontdlg.obj) : error LNK2001: unresolved external symbol __imp___invalid_parameter
wxmsw31ud_core.lib(gdiplus.obj) : error LNK2001: unresolved external symbol __imp___invalid_parameter
wxmsw31ud_core.lib(graphcmn.obj) : error LNK2001: unresolved external symbol __imp___invalid_parameter
wxmsw31ud_core.lib(bmpbase.obj) : error LNK2001: unresolved external symbol __imp___invalid_parameter
wxmsw31ud_core.lib(dib.obj) : error LNK2001: unresolved external symbol __imp___invalid_parameter
wxmsw31ud_core.lib(slidercmn.obj) : error LNK2001: unresolved external symbol __imp___invalid_parameter
wxmsw31ud_core.lib(msw_combobox.obj) : error LNK2001: unresolved external symbol __imp___invalid_parameter
wxmsw31ud_core.lib(msw_spinbutt.obj) : error LNK2001: unresolved external symbol __imp___invalid_parameter
wxmsw31ud_core.lib(spinbtncmn.obj) : error LNK2001: unresolved external symbol __imp___invalid_parameter
wxmsw31ud_core.lib(textentrycmn.obj) : error LNK2001: unresolved external symbol __imp___invalid_parameter
wxmsw31ud_core.lib(textentry.obj) : error LNK2001: unresolved external symbol __imp___invalid_parameter
wxmsw31ud_core.lib(msw_textctrl.obj) : error LNK2001: unresolved external symbol __imp___invalid_parameter
wxmsw31ud_core.lib(msw_slider.obj) : error LNK2001: unresolved external symbol __imp___invalid_parameter
wxmsw31ud_core.lib(statbmpcmn.obj) : error LNK2001: unresolved external symbol __imp___invalid_parameter
wxmsw31ud_core.lib(msw_statbox.obj) : error LNK2001: unresolved external symbol __imp___invalid_parameter
wxmsw31ud_core.lib(msw_radiobut.obj) : error LNK2001: unresolved external symbol __imp___invalid_parameter
wxmsw31ud_core.lib(radiobtncmn.obj) : error LNK2001: unresolved external symbol __imp___invalid_parameter
wxmsw31ud_core.lib(scrolbarcmn.obj) : error LNK2001: unresolved external symbol __imp___invalid_parameter
wxmsw31ud_core.lib(stattextcmn.obj) : error LNK2001: unresolved external symbol __imp___invalid_parameter
wxmsw31ud_core.lib(msw_stattext.obj) : error LNK2001: unresolved external symbol __imp___invalid_parameter
wxmsw31ud_core.lib(msw_statbmp.obj) : error LNK2001: unresolved external symbol __imp___invalid_parameter
wxmsw31ud_core.lib(msw_listbox.obj) : error LNK2001: unresolved external symbol __imp___invalid_parameter
wxmsw31ud_core.lib(choiccmn.obj) : error LNK2001: unresolved external symbol __imp___invalid_parameter
wxmsw31ud_core.lib(msw_choice.obj) : error LNK2001: unresolved external symbol __imp___invalid_parameter
wxmsw31ud_core.lib(msw_scrolbar.obj) : error LNK2001: unresolved external symbol __imp___invalid_parameter
wxmsw31ud_core.lib(bmpbtncmn.obj) : error LNK2001: unresolved external symbol __imp___invalid_parameter
wxmsw31ud_core.lib(msw_checkbox.obj) : error LNK2001: unresolved external symbol __imp___invalid_parameter
wxmsw31ud_core.lib(checkboxcmn.obj) : error LNK2001: unresolved external symbol __imp___invalid_parameter
wxmsw31ud_core.lib(lboxcmn.obj) : error LNK2001: unresolved external symbol __imp___invalid_parameter
wxmsw31ud_core.lib(anybutton.obj) : error LNK2001: unresolved external symbol __imp___invalid_parameter
wxmsw31ud_core.lib(msw_button.obj) : error LNK2001: unresolved external symbol __imp___invalid_parameter
wxmsw31ud_core.lib(ctrlsub.obj) : error LNK2001: unresolved external symbol __imp___invalid_parameter
wxmsw31ud_core.lib(msw_bmpbuttn.obj) : error LNK2001: unresolved external symbol __imp___invalid_parameter
wxmsw31ud_core.lib(msgdlg.obj) : error LNK2001: unresolved external symbol __imp___invalid_parameter
wxmsw31ud_core.lib(textdlgg.obj) : error LNK2001: unresolved external symbol __imp___invalid_parameter
wxmsw31ud_core.lib(utilswin.obj) : error LNK2001: unresolved external symbol __imp___invalid_parameter
wxmsw31ud_core.lib(nbkbase.obj) : error LNK2001: unresolved external symbol __imp___invalid_parameter
wxmsw31ud_core.lib(textcmn.obj) : error LNK2001: unresolved external symbol __imp___invalid_parameter
wxmsw31ud_core.lib(combocmn.obj) : error LNK2001: unresolved external symbol __imp___invalid_parameter
wxmsw31ud_core.lib(containr.obj) : error LNK2001: unresolved external symbol __imp___invalid_parameter
wxmsw31ud_core.lib(msw_dialog.obj) : error LNK2001: unresolved external symbol __imp___invalid_parameter
wxmsw31ud_core.lib(ownerdrwcmn.obj) : error LNK2001: unresolved external symbol __imp___invalid_parameter
wxmsw31ud_core.lib(ownerdrw.obj) : error LNK2001: unresolved external symbol __imp___invalid_parameter
wxmsw31ud_core.lib(accelcmn.obj) : error LNK2001: unresolved external symbol __imp___invalid_parameter
wxmsw31ud_core.lib(stockitem.obj) : error LNK2001: unresolved external symbol __imp___invalid_parameter
wxmsw31ud_core.lib(msw_toolbar.obj) : error LNK2001: unresolved external symbol __imp___invalid_parameter
wxmsw31ud_core.lib(generic_statusbr.obj) : error LNK2001: unresolved external symbol __imp___invalid_parameter
wxmsw31ud_core.lib(taskbarbutton.obj) : error LNK2001: unresolved external symbol __imp___invalid_parameter
wxmsw31ud_core.lib(image.obj) : error LNK2001: unresolved external symbol __imp___invalid_parameter
wxmsw31ud_core.lib(dpycmn.obj) : error LNK2001: unresolved external symbol __imp___invalid_parameter
wxmsw31ud_core.lib(ctrlcmn.obj) : error LNK2001: unresolved external symbol __imp___invalid_parameter
wxmsw31ud_core.lib(statusbar.obj) : error LNK2001: unresolved external symbol __imp___invalid_parameter
wxmsw31ud_core.lib(tbarbase.obj) : error LNK2001: unresolved external symbol __imp___invalid_parameter
wxmsw31ud_core.lib(msw_control.obj) : error LNK2001: unresolved external symbol __imp___invalid_parameter
wxmsw31ud_core.lib(btncmn.obj) : error LNK2001: unresolved external symbol __imp___invalid_parameter
wxmsw31ud_core.lib(dlgcmn.obj) : error LNK2001: unresolved external symbol __imp___invalid_parameter
wxmsw31ud_core.lib(statboxcmn.obj) : error LNK2001: unresolved external symbol __imp___invalid_parameter
wxmsw31ud_core.lib(textmeasurecmn.obj) : error LNK2001: unresolved external symbol __imp___invalid_parameter
wxmsw31ud_core.lib(msw_textmeasure.obj) : error LNK2001: unresolved external symbol __imp___invalid_parameter
wxmsw31ud_core.lib(spinctrl.obj) : error LNK2001: unresolved external symbol __imp___invalid_parameter
wxmsw31ud_core.lib(uxtheme.obj) : error LNK2001: unresolved external symbol __imp___invalid_parameter
wxmsw31ud_core.lib(cshelp.obj) : error LNK2001: unresolved external symbol __imp___invalid_parameter
wxmsw31ud_core.lib(app.obj) : error LNK2001: unresolved external symbol __imp___invalid_parameter
wxmsw31ud_core.lib(msw_radiobox.obj) : error LNK2001: unresolved external symbol __imp___invalid_parameter
wxmsw31ud_core.lib(droptgt.obj) : error LNK2001: unresolved external symbol __imp___invalid_parameter
wxmsw31ud_core.lib(dc.obj) : error LNK2001: unresolved external symbol __imp___invalid_parameter
wxmsw31ud_core.lib(dcbase.obj) : error LNK2001: unresolved external symbol __imp___invalid_parameter
wxmsw31ud_core.lib(sizer.obj) : error LNK2001: unresolved external symbol __imp___invalid_parameter
wxmsw31ud_core.lib(statbar.obj) : error LNK2001: unresolved external symbol __imp___invalid_parameter
wxmsw31ud_core.lib(fontmap.obj) : error LNK2001: unresolved external symbol __imp___invalid_parameter
wxmsw31ud_core.lib(windowid.obj) : error LNK2001: unresolved external symbol __imp___invalid_parameter
wxmsw31ud_core.lib(region.obj) : error LNK2001: unresolved external symbol __imp___invalid_parameter
wxmsw31ud_core.lib(tooltip.obj) : error LNK2001: unresolved external symbol __imp___invalid_parameter
wxmsw31ud_core.lib(iconbndl.obj) : error LNK2001: unresolved external symbol __imp___invalid_parameter
wxmsw31ud_core.lib(bitmap.obj) : error LNK2001: unresolved external symbol __imp___invalid_parameter
wxmsw31ud_core.lib(brush.obj) : error LNK2001: unresolved external symbol __imp___invalid_parameter
wxmsw31ud_core.lib(fontutil.obj) : error LNK2001: unresolved external symbol __imp___invalid_parameter
wxmsw31ud_core.lib(cursor.obj) : error LNK2001: unresolved external symbol __imp___invalid_parameter
wxmsw31ud_core.lib(fontcmn.obj) : error LNK2001: unresolved external symbol __imp___invalid_parameter
wxmsw31ud_core.lib(settings.obj) : error LNK2001: unresolved external symbol __imp___invalid_parameter
wxmsw31ud_core.lib(icon.obj) : error LNK2001: unresolved external symbol __imp___invalid_parameter
wxmsw31ud_core.lib(dummy.obj) : error LNK2001: unresolved external symbol __imp___invalid_parameter
wxmsw31ud_core.lib(utilsgui.obj) : error LNK2001: unresolved external symbol __imp___invalid_parameter
wxmsw31ud_core.lib(display.obj) : error LNK2001: unresolved external symbol __imp___invalid_parameter
wxmsw31ud_core.lib(gdiimage.obj) : error LNK2001: unresolved external symbol __imp___invalid_parameter
wxmsw31ud_core.lib(toplevel.obj) : error LNK2001: unresolved external symbol __imp___invalid_parameter
wxmsw31ud_core.lib(utilscmn.obj) : error LNK2001: unresolved external symbol __imp___invalid_parameter
wxmsw31ud_core.lib(nativdlg.obj) : error LNK2001: unresolved external symbol __imp___invalid_parameter
wxmsw31ud_core.lib(nonownedwnd.obj) : error LNK2001: unresolved external symbol __imp___invalid_parameter
wxmsw31ud_core.lib(menuitem.obj) : error LNK2001: unresolved external symbol __imp___invalid_parameter
wxmsw31ud_core.lib(menucmn.obj) : error LNK2001: unresolved external symbol __imp___invalid_parameter
wxmsw31ud_core.lib(msw_menu.obj) : error LNK2001: unresolved external symbol __imp___invalid_parameter
wxmsw31ud_core.lib(event.obj) : error LNK2001: unresolved external symbol __imp___invalid_parameter
wxmsw31ud_core.lib(window.obj) : error LNK2001: unresolved external symbol __imp___invalid_parameter
wxmsw31ud_core.lib(toplvcmn.obj) : error LNK2001: unresolved external symbol __imp___invalid_parameter
wxmsw31ud_core.lib(framecmn.obj) : error LNK2001: unresolved external symbol __imp___invalid_parameter
wxmsw31ud_core.lib(frame.obj) : error LNK2001: unresolved external symbol __imp___invalid_parameter
wxmsw31ud_core.lib(gdicmn.obj) : error LNK2001: unresolved external symbol __imp___invalid_parameter
wxmsw31ud_core.lib(font.obj) : error LNK2001: unresolved external symbol __imp___invalid_parameter
wxmsw31ud_core.lib(colourcmn.obj) : error LNK2001: unresolved external symbol __imp___invalid_parameter
wxmsw31ud_core.lib(wincmn.obj) : error LNK2001: unresolved external symbol __imp___invalid_parameter
wxbase31ud.lib(txtstrm.obj) : error LNK2001: unresolved external symbol __imp___invalid_parameter
wxbase31ud.lib(registry.obj) : error LNK2001: unresolved external symbol __imp___invalid_parameter
wxbase31ud.lib(ipcbase.obj) : error LNK2001: unresolved external symbol __imp___invalid_parameter
wxbase31ud.lib(wfstream.obj) : error LNK2001: unresolved external symbol __imp___invalid_parameter
wxbase31ud.lib(textbuf.obj) : error LNK2001: unresolved external symbol __imp___invalid_parameter
wxbase31ud.lib(textfile.obj) : error LNK2001: unresolved external symbol __imp___invalid_parameter
wxbase31ud.lib(stream.obj) : error LNK2001: unresolved external symbol __imp___invalid_parameter
wxbase31ud.lib(dde.obj) : error LNK2001: unresolved external symbol __imp___invalid_parameter
wxbase31ud.lib(evtloopconsole.obj) : error LNK2001: unresolved external symbol __imp___invalid_parameter
wxbase31ud.lib(timer.obj) : error LNK2001: unresolved external symbol __imp___invalid_parameter
wxbase31ud.lib(ffile.obj) : error LNK2001: unresolved external symbol __imp___invalid_parameter
wxbase31ud.lib(debughlp.obj) : error LNK2001: unresolved external symbol __imp___invalid_parameter
wxbase31ud.lib(time.obj) : error LNK2001: unresolved external symbol __imp___invalid_parameter
wxbase31ud.lib(variant.obj) : error LNK2001: unresolved external symbol __imp___invalid_parameter
wxbase31ud.lib(regconf.obj) : error LNK2001: unresolved external symbol __imp___invalid_parameter
wxbase31ud.lib(stdpaths.obj) : error LNK2001: unresolved external symbol __imp___invalid_parameter
wxbase31ud.lib(file.obj) : error LNK2001: unresolved external symbol __imp___invalid_parameter
wxbase31ud.lib(crashrpt.obj) : error LNK2001: unresolved external symbol __imp___invalid_parameter
wxbase31ud.lib(init.obj) : error LNK2001: unresolved external symbol __imp___invalid_parameter
wxbase31ud.lib(longlong.obj) : error LNK2001: unresolved external symbol __imp___invalid_parameter
wxbase31ud.lib(utilscmn.obj) : error LNK2001: unresolved external symbol __imp___invalid_parameter
wxbase31ud.lib(filefn.obj) : error LNK2001: unresolved external symbol __imp___invalid_parameter
wxbase31ud.lib(platinfo.obj) : error LNK2001: unresolved external symbol __imp___invalid_parameter
wxbase31ud.lib(dir.obj) : error LNK2001: unresolved external symbol __imp___invalid_parameter
wxbase31ud.lib(dynlib.obj) : error LNK2001: unresolved external symbol __imp___invalid_parameter
wxbase31ud.lib(dlmsw.obj) : error LNK2001: unresolved external symbol __imp___invalid_parameter
wxbase31ud.lib(fileconf.obj) : error LNK2001: unresolved external symbol __imp___invalid_parameter
wxbase31ud.lib(utilsexc.obj) : error LNK2001: unresolved external symbol __imp___invalid_parameter
wxbase31ud.lib(sysopt.obj) : error LNK2001: unresolved external symbol __imp___invalid_parameter
wxbase31ud.lib(tokenzr.obj) : error LNK2001: unresolved external symbol __imp___invalid_parameter
wxbase31ud.lib(stackwalk.obj) : error LNK2001: unresolved external symbol __imp___invalid_parameter
wxbase31ud.lib(languageinfo.obj) : error LNK2001: unresolved external symbol __imp___invalid_parameter
wxbase31ud.lib(stdpbase.obj) : error LNK2001: unresolved external symbol __imp___invalid_parameter
wxbase31ud.lib(basemsw.obj) : error LNK2001: unresolved external symbol __imp___invalid_parameter
wxbase31ud.lib(cmdline.obj) : error LNK2001: unresolved external symbol __imp___invalid_parameter
wxbase31ud.lib(filename.obj) : error LNK2001: unresolved external symbol __imp___invalid_parameter
wxbase31ud.lib(datetime.obj) : error LNK2001: unresolved external symbol __imp___invalid_parameter
wxbase31ud.lib(datetimefmt.obj) : error LNK2001: unresolved external symbol __imp___invalid_parameter
wxbase31ud.lib(any.obj) : error LNK2001: unresolved external symbol __imp___invalid_parameter
wxbase31ud.lib(config.obj) : error LNK2001: unresolved external symbol __imp___invalid_parameter
wxbase31ud.lib(translation.obj) : error LNK2001: unresolved external symbol __imp___invalid_parameter
wxbase31ud.lib(module.obj) : error LNK2001: unresolved external symbol __imp___invalid_parameter
wxbase31ud.lib(main.obj) : error LNK2001: unresolved external symbol __imp___invalid_parameter
wxbase31ud.lib(threadinfo.obj) : error LNK2001: unresolved external symbol __imp___invalid_parameter
wxbase31ud.lib(xlocale.obj) : error LNK2001: unresolved external symbol __imp___invalid_parameter
wxbase31ud.lib(hash.obj) : error LNK2001: unresolved external symbol __imp___invalid_parameter
wxbase31ud.lib(arrstr.obj) : error LNK2001: unresolved external symbol __imp___invalid_parameter
wxbase31ud.lib(msgout.obj) : error LNK2001: unresolved external symbol __imp___invalid_parameter
wxbase31ud.lib(intl.obj) : error LNK2001: unresolved external symbol __imp___invalid_parameter
wxbase31ud.lib(encconv.obj) : error LNK2001: unresolved external symbol __imp___invalid_parameter
wxbase31ud.lib(fmapbase.obj) : error LNK2001: unresolved external symbol __imp___invalid_parameter
wxbase31ud.lib(utils.obj) : error LNK2001: unresolved external symbol __imp___invalid_parameter
wxbase31ud.lib(event.obj) : error LNK2001: unresolved external symbol __imp___invalid_parameter
wxbase31ud.lib(dummy.obj) : error LNK2001: unresolved external symbol __imp___invalid_parameter
wxbase31ud.lib(appbase.obj) : error LNK2001: unresolved external symbol __imp___invalid_parameter
wxbase31ud.lib(wxcrt.obj) : error LNK2001: unresolved external symbol __imp___invalid_parameter
wxbase31ud.lib(object.obj) : error LNK2001: unresolved external symbol __imp___invalid_parameter
wxbase31ud.lib(list.obj) : error LNK2001: unresolved external symbol __imp___invalid_parameter
wxbase31ud.lib(thread.obj) : error LNK2001: unresolved external symbol __imp___invalid_parameter
wxbase31ud.lib(log.obj) : error LNK2001: unresolved external symbol __imp___invalid_parameter
Priority.obj : error LNK2001: unresolved external symbol __imp___invalid_parameter
wxbase31ud.lib(strconv.obj) : error LNK2001: unresolved external symbol __imp___invalid_parameter
wxbase31ud.lib(strvararg.obj) : error LNK2001: unresolved external symbol __imp___invalid_parameter
wxbase31ud.lib(string.obj) : error LNK2001: unresolved external symbol __imp___invalid_parameter
MSVCRT.lib(exe_main.obj) : error LNK2001: unresolved external symbol _main
wxbase31ud.lib(init.obj) : error LNK2001: unresolved external symbol __imp___CrtSetDbgFlag
msvcrtd.lib(thread_safe_statics.obj) : error LNK2001: unresolved external symbol __CrtDbgReportW
msvcrtd.lib(_init_.obj) : error LNK2001: unresolved external symbol __CrtDbgReportW
msvcrtd.lib(_init_.obj) : error LNK2001: unresolved external symbol __CrtDbgReport
msvcrtd.lib(new_debug.obj) : error LNK2001: unresolved external symbol __malloc_dbg
msvcrtd.lib(delete_debug.obj) : error LNK2001: unresolved external symbol __free_dbg
D:\Projetos\funceme-selecao-siga\PriorityZone\Release\PriorityZone.exe : fatal error LNK1120: 8 unresolved externals
